[debug] [2024-02-25T15:39:18.540Z] ----------------------------------------------------------------------
[debug] [2024-02-25T15:39:18.541Z] Command:       C:\Program Files\nodejs\node.exe C:\Program Files\nodejs\node_modules\firebase-tools\lib\bin\firebase.js deploy --only functions
[debug] [2024-02-25T15:39:18.541Z] CLI Version:   13.0.2
[debug] [2024-02-25T15:39:18.542Z] Platform:      win32
[debug] [2024-02-25T15:39:18.542Z] Node Version:  v18.19.0
[debug] [2024-02-25T15:39:18.542Z] Time:          Sun Feb 25 2024 10:39:18 GMT-0500 (Eastern Standard Time)
[debug] [2024-02-25T15:39:18.542Z] ----------------------------------------------------------------------
[debug] 
[debug] [2024-02-25T15:39:18.589Z] > command requires scopes: ["email","openid","https://www.googleapis.com/auth/cloudplatformprojects.readonly","https://www.googleapis.com/auth/firebase","https://www.googleapis.com/auth/cloud-platform"]
[debug] [2024-02-25T15:39:18.589Z] > authorizing via signed-in user (dr.james.chang@gmail.com)
[debug] [2024-02-25T15:39:18.589Z] [iam] checking project sveltekit-test-27063 for permissions ["cloudfunctions.functions.create","cloudfunctions.functions.delete","cloudfunctions.functions.get","cloudfunctions.functions.list","cloudfunctions.functions.update","cloudfunctions.operations.get","firebase.projects.get"]
[debug] [2024-02-25T15:39:18.591Z] >>> [apiv2][query] POST https://cloudresourcemanager.googleapis.com/v1/projects/sveltekit-test-27063:testIamPermissions [none]
[debug] [2024-02-25T15:39:18.591Z] >>> [apiv2][(partial)header] POST https://cloudresourcemanager.googleapis.com/v1/projects/sveltekit-test-27063:testIamPermissions x-goog-quota-user=projects/sveltekit-test-27063
[debug] [2024-02-25T15:39:18.591Z] >>> [apiv2][body] POST https://cloudresourcemanager.googleapis.com/v1/projects/sveltekit-test-27063:testIamPermissions {"permissions":["cloudfunctions.functions.create","cloudfunctions.functions.delete","cloudfunctions.functions.get","cloudfunctions.functions.list","cloudfunctions.functions.update","cloudfunctions.operations.get","firebase.projects.get"]}
[debug] [2024-02-25T15:39:18.810Z] <<< [apiv2][status] POST https://cloudresourcemanager.googleapis.com/v1/projects/sveltekit-test-27063:testIamPermissions 200
[debug] [2024-02-25T15:39:18.811Z] <<< [apiv2][body] POST https://cloudresourcemanager.googleapis.com/v1/projects/sveltekit-test-27063:testIamPermissions {"permissions":["cloudfunctions.functions.create","cloudfunctions.functions.delete","cloudfunctions.functions.get","cloudfunctions.functions.list","cloudfunctions.functions.update","cloudfunctions.operations.get","firebase.projects.get"]}
[debug] [2024-02-25T15:39:18.811Z] >>> [apiv2][query] POST https://iam.googleapis.com/v1/projects/sveltekit-test-27063/serviceAccounts/sveltekit-test-27063@appspot.gserviceaccount.com:testIamPermissions [none]
[debug] [2024-02-25T15:39:18.811Z] >>> [apiv2][body] POST https://iam.googleapis.com/v1/projects/sveltekit-test-27063/serviceAccounts/sveltekit-test-27063@appspot.gserviceaccount.com:testIamPermissions {"permissions":["iam.serviceAccounts.actAs"]}
[debug] [2024-02-25T15:39:19.089Z] <<< [apiv2][status] POST https://iam.googleapis.com/v1/projects/sveltekit-test-27063/serviceAccounts/sveltekit-test-27063@appspot.gserviceaccount.com:testIamPermissions 200
[debug] [2024-02-25T15:39:19.089Z] <<< [apiv2][body] POST https://iam.googleapis.com/v1/projects/sveltekit-test-27063/serviceAccounts/sveltekit-test-27063@appspot.gserviceaccount.com:testIamPermissions {"permissions":["iam.serviceAccounts.actAs"]}
[info] 
[info] === Deploying to 'sveltekit-test-27063'...
[info] 
[info] i  deploying functions 
[debug] [2024-02-25T15:39:19.092Z] >>> [apiv2][query] GET https://firebase.googleapis.com/v1beta1/projects/sveltekit-test-27063 [none]
[debug] [2024-02-25T15:39:19.325Z] <<< [apiv2][status] GET https://firebase.googleapis.com/v1beta1/projects/sveltekit-test-27063 200
[debug] [2024-02-25T15:39:19.325Z] <<< [apiv2][body] GET https://firebase.googleapis.com/v1beta1/projects/sveltekit-test-27063 {"projectId":"sveltekit-test-27063","projectNumber":"742577497994","displayName":"sveltekit-test","name":"projects/sveltekit-test-27063","resources":{"hostingSite":"sveltekit-test-27063"},"state":"ACTIVE","etag":"1_ff0e2415-887c-4c8f-96ec-f8ea22d701ff"}
[info] i  functions: preparing codebase default for deployment 
[info] i  functions: ensuring required API cloudfunctions.googleapis.com is enabled... 
[info] i  functions: ensuring required API cloudbuild.googleapis.com is enabled... 
[info] i  artifactregistry: ensuring required API artifactregistry.googleapis.com is enabled... 
[debug] [2024-02-25T15:39:19.327Z] >>> [apiv2][query] GET https://serviceusage.googleapis.com/v1/projects/sveltekit-test-27063/services/cloudfunctions.googleapis.com [none]
[debug] [2024-02-25T15:39:19.327Z] >>> [apiv2][(partial)header] GET https://serviceusage.googleapis.com/v1/projects/sveltekit-test-27063/services/cloudfunctions.googleapis.com x-goog-quota-user=projects/sveltekit-test-27063
[debug] [2024-02-25T15:39:19.328Z] >>> [apiv2][query] GET https://serviceusage.googleapis.com/v1/projects/sveltekit-test-27063/services/runtimeconfig.googleapis.com [none]
[debug] [2024-02-25T15:39:19.328Z] >>> [apiv2][(partial)header] GET https://serviceusage.googleapis.com/v1/projects/sveltekit-test-27063/services/runtimeconfig.googleapis.com x-goog-quota-user=projects/sveltekit-test-27063
[debug] [2024-02-25T15:39:19.329Z] >>> [apiv2][query] GET https://serviceusage.googleapis.com/v1/projects/sveltekit-test-27063/services/cloudbuild.googleapis.com [none]
[debug] [2024-02-25T15:39:19.329Z] >>> [apiv2][(partial)header] GET https://serviceusage.googleapis.com/v1/projects/sveltekit-test-27063/services/cloudbuild.googleapis.com x-goog-quota-user=projects/sveltekit-test-27063
[debug] [2024-02-25T15:39:19.329Z] >>> [apiv2][query] GET https://serviceusage.googleapis.com/v1/projects/sveltekit-test-27063/services/artifactregistry.googleapis.com [none]
[debug] [2024-02-25T15:39:19.329Z] >>> [apiv2][(partial)header] GET https://serviceusage.googleapis.com/v1/projects/sveltekit-test-27063/services/artifactregistry.googleapis.com x-goog-quota-user=projects/sveltekit-test-27063
[debug] [2024-02-25T15:39:19.701Z] <<< [apiv2][status] GET https://serviceusage.googleapis.com/v1/projects/sveltekit-test-27063/services/artifactregistry.googleapis.com 200
[debug] [2024-02-25T15:39:19.702Z] <<< [apiv2][body] GET https://serviceusage.googleapis.com/v1/projects/sveltekit-test-27063/services/artifactregistry.googleapis.com [omitted]
[info] +  artifactregistry: required API artifactregistry.googleapis.com is enabled 
[debug] [2024-02-25T15:39:19.756Z] <<< [apiv2][status] GET https://serviceusage.googleapis.com/v1/projects/sveltekit-test-27063/services/runtimeconfig.googleapis.com 200
[debug] [2024-02-25T15:39:19.756Z] <<< [apiv2][body] GET https://serviceusage.googleapis.com/v1/projects/sveltekit-test-27063/services/runtimeconfig.googleapis.com [omitted]
[debug] [2024-02-25T15:39:19.756Z] <<< [apiv2][status] GET https://serviceusage.googleapis.com/v1/projects/sveltekit-test-27063/services/cloudbuild.googleapis.com 200
[debug] [2024-02-25T15:39:19.756Z] <<< [apiv2][body] GET https://serviceusage.googleapis.com/v1/projects/sveltekit-test-27063/services/cloudbuild.googleapis.com [omitted]
[info] +  functions: required API cloudbuild.googleapis.com is enabled 
[debug] [2024-02-25T15:39:19.798Z] <<< [apiv2][status] GET https://serviceusage.googleapis.com/v1/projects/sveltekit-test-27063/services/cloudfunctions.googleapis.com 200
[debug] [2024-02-25T15:39:19.798Z] <<< [apiv2][body] GET https://serviceusage.googleapis.com/v1/projects/sveltekit-test-27063/services/cloudfunctions.googleapis.com [omitted]
[info] +  functions: required API cloudfunctions.googleapis.com is enabled 
[debug] [2024-02-25T15:39:19.799Z] >>> [apiv2][query] GET https://firebase.googleapis.com/v1beta1/projects/sveltekit-test-27063/adminSdkConfig [none]
[debug] [2024-02-25T15:39:20.109Z] <<< [apiv2][status] GET https://firebase.googleapis.com/v1beta1/projects/sveltekit-test-27063/adminSdkConfig 200
[debug] [2024-02-25T15:39:20.109Z] <<< [apiv2][body] GET https://firebase.googleapis.com/v1beta1/projects/sveltekit-test-27063/adminSdkConfig {"projectId":"sveltekit-test-27063","storageBucket":"sveltekit-test-27063.appspot.com"}
[debug] [2024-02-25T15:39:20.109Z] >>> [apiv2][query] GET https://runtimeconfig.googleapis.com/v1beta1/projects/sveltekit-test-27063/configs [none]
[debug] [2024-02-25T15:39:20.245Z] <<< [apiv2][status] GET https://runtimeconfig.googleapis.com/v1beta1/projects/sveltekit-test-27063/configs 200
[debug] [2024-02-25T15:39:20.245Z] <<< [apiv2][body] GET https://runtimeconfig.googleapis.com/v1beta1/projects/sveltekit-test-27063/configs {}
[debug] [2024-02-25T15:39:20.246Z] Validating nodejs source
[debug] [2024-02-25T15:39:20.830Z] > [functions] package.json contents: {
  "name": "svelte-app-2",
  "version": "0.0.1",
  "scripts": {
    "dev": "vite dev",
    "build": "vite build",
    "preview": "vite preview",
    "check": "svelte-kit sync && svelte-check --tsconfig ./tsconfig.json",
    "check:watch": "svelte-kit sync && svelte-check --tsconfig ./tsconfig.json --watch",
    "lint": "prettier --check . && eslint .",
    "format": "prettier --write ."
  },
  "type": "module",
  "dependencies": {
    "firebase-functions": "^4.0.1"
  },
  "main": ".firebase/function/entrypoint.js",
  "engines": {
    "node": "16"
  }
}
[debug] [2024-02-25T15:39:20.830Z] Building nodejs source
[info] i  functions: Loading and analyzing source code for codebase default to determine what to deploy 
[debug] [2024-02-25T15:39:20.831Z] Could not find functions.yaml. Must use http discovery
[debug] [2024-02-25T15:39:20.836Z] Found firebase-functions binary at 'C:\Projects\svelte-app-2\node_modules\.bin\firebase-functions'
[info] Serving at port 8482

[debug] [2024-02-25T15:39:21.127Z] Got response from /__/functions.yaml {"endpoints":{"handler":{"availableMemoryMb":null,"timeoutSeconds":null,"minInstances":null,"maxInstances":null,"ingressSettings":null,"concurrency":500,"serviceAccountEmail":null,"vpc":null,"platform":"gcfv2","labels":{},"httpsTrigger":{},"entryPoint":"handler"}},"specVersion":"v1alpha1","requiredAPIs":[]}
[info] i  functions: preparing build directory for uploading... 
[info] i  functions: packaged C:\Projects\svelte-app-2\build (1.52 MB) for uploading 
[debug] [2024-02-25T15:39:21.256Z] >>> [apiv2][query] GET https://cloudfunctions.googleapis.com/v1/projects/sveltekit-test-27063/locations/-/functions [none]
[debug] [2024-02-25T15:39:21.735Z] <<< [apiv2][status] GET https://cloudfunctions.googleapis.com/v1/projects/sveltekit-test-27063/locations/-/functions 200
[debug] [2024-02-25T15:39:21.735Z] <<< [apiv2][body] GET https://cloudfunctions.googleapis.com/v1/projects/sveltekit-test-27063/locations/-/functions {}
[debug] [2024-02-25T15:39:21.737Z] >>> [apiv2][query] GET https://cloudfunctions.googleapis.com/v2/projects/sveltekit-test-27063/locations/-/functions filter=environment%3D%22GEN_2%22
[debug] [2024-02-25T15:39:22.228Z] <<< [apiv2][status] GET https://cloudfunctions.googleapis.com/v2/projects/sveltekit-test-27063/locations/-/functions 200
[debug] [2024-02-25T15:39:22.228Z] <<< [apiv2][body] GET https://cloudfunctions.googleapis.com/v2/projects/sveltekit-test-27063/locations/-/functions {}
[info] i  functions: ensuring required API run.googleapis.com is enabled... 
[info] i  functions: ensuring required API eventarc.googleapis.com is enabled... 
[info] i  functions: ensuring required API pubsub.googleapis.com is enabled... 
[info] i  functions: ensuring required API storage.googleapis.com is enabled... 
[debug] [2024-02-25T15:39:22.230Z] >>> [apiv2][query] GET https://serviceusage.googleapis.com/v1/projects/sveltekit-test-27063/services/run.googleapis.com [none]
[debug] [2024-02-25T15:39:22.230Z] >>> [apiv2][(partial)header] GET https://serviceusage.googleapis.com/v1/projects/sveltekit-test-27063/services/run.googleapis.com x-goog-quota-user=projects/sveltekit-test-27063
[debug] [2024-02-25T15:39:22.231Z] >>> [apiv2][query] GET https://serviceusage.googleapis.com/v1/projects/sveltekit-test-27063/services/eventarc.googleapis.com [none]
[debug] [2024-02-25T15:39:22.231Z] >>> [apiv2][(partial)header] GET https://serviceusage.googleapis.com/v1/projects/sveltekit-test-27063/services/eventarc.googleapis.com x-goog-quota-user=projects/sveltekit-test-27063
[debug] [2024-02-25T15:39:22.232Z] >>> [apiv2][query] GET https://serviceusage.googleapis.com/v1/projects/sveltekit-test-27063/services/pubsub.googleapis.com [none]
[debug] [2024-02-25T15:39:22.232Z] >>> [apiv2][(partial)header] GET https://serviceusage.googleapis.com/v1/projects/sveltekit-test-27063/services/pubsub.googleapis.com x-goog-quota-user=projects/sveltekit-test-27063
[debug] [2024-02-25T15:39:22.232Z] >>> [apiv2][query] GET https://serviceusage.googleapis.com/v1/projects/sveltekit-test-27063/services/storage.googleapis.com [none]
[debug] [2024-02-25T15:39:22.232Z] >>> [apiv2][(partial)header] GET https://serviceusage.googleapis.com/v1/projects/sveltekit-test-27063/services/storage.googleapis.com x-goog-quota-user=projects/sveltekit-test-27063
[debug] [2024-02-25T15:39:22.659Z] <<< [apiv2][status] GET https://serviceusage.googleapis.com/v1/projects/sveltekit-test-27063/services/pubsub.googleapis.com 200
[debug] [2024-02-25T15:39:22.660Z] <<< [apiv2][body] GET https://serviceusage.googleapis.com/v1/projects/sveltekit-test-27063/services/pubsub.googleapis.com [omitted]
[info] +  functions: required API pubsub.googleapis.com is enabled 
[debug] [2024-02-25T15:39:22.664Z] <<< [apiv2][status] GET https://serviceusage.googleapis.com/v1/projects/sveltekit-test-27063/services/run.googleapis.com 200
[debug] [2024-02-25T15:39:22.665Z] <<< [apiv2][body] GET https://serviceusage.googleapis.com/v1/projects/sveltekit-test-27063/services/run.googleapis.com [omitted]
[info] +  functions: required API run.googleapis.com is enabled 
[debug] [2024-02-25T15:39:22.667Z] <<< [apiv2][status] GET https://serviceusage.googleapis.com/v1/projects/sveltekit-test-27063/services/storage.googleapis.com 200
[debug] [2024-02-25T15:39:22.667Z] <<< [apiv2][body] GET https://serviceusage.googleapis.com/v1/projects/sveltekit-test-27063/services/storage.googleapis.com [omitted]
[info] +  functions: required API storage.googleapis.com is enabled 
[debug] [2024-02-25T15:39:22.673Z] <<< [apiv2][status] GET https://serviceusage.googleapis.com/v1/projects/sveltekit-test-27063/services/eventarc.googleapis.com 200
[debug] [2024-02-25T15:39:22.673Z] <<< [apiv2][body] GET https://serviceusage.googleapis.com/v1/projects/sveltekit-test-27063/services/eventarc.googleapis.com [omitted]
[info] +  functions: required API eventarc.googleapis.com is enabled 
[info] i  functions: generating the service identity for pubsub.googleapis.com... 
[info] i  functions: generating the service identity for eventarc.googleapis.com... 
[debug] [2024-02-25T15:39:22.674Z] >>> [apiv2][query] POST https://serviceusage.googleapis.com/v1beta1/projects/742577497994/services/pubsub.googleapis.com:generateServiceIdentity [none]
[debug] [2024-02-25T15:39:22.675Z] >>> [apiv2][query] POST https://serviceusage.googleapis.com/v1beta1/projects/742577497994/services/eventarc.googleapis.com:generateServiceIdentity [none]
[debug] [2024-02-25T15:39:23.233Z] <<< [apiv2][status] POST https://serviceusage.googleapis.com/v1beta1/projects/742577497994/services/eventarc.googleapis.com:generateServiceIdentity 200
[debug] [2024-02-25T15:39:23.234Z] <<< [apiv2][body] POST https://serviceusage.googleapis.com/v1beta1/projects/742577497994/services/eventarc.googleapis.com:generateServiceIdentity {"name":"operations/finished.DONE_OPERATION","done":true,"response":{"@type":"type.googleapis.com/google.api.serviceusage.v1beta1.ServiceIdentity","email":"service-742577497994@gcp-sa-eventarc.iam.gserviceaccount.com","uniqueId":"109466192700830147747"}}
[debug] [2024-02-25T15:39:23.433Z] <<< [apiv2][status] POST https://serviceusage.googleapis.com/v1beta1/projects/742577497994/services/pubsub.googleapis.com:generateServiceIdentity 200
[debug] [2024-02-25T15:39:23.433Z] <<< [apiv2][body] POST https://serviceusage.googleapis.com/v1beta1/projects/742577497994/services/pubsub.googleapis.com:generateServiceIdentity {"name":"operations/finished.DONE_OPERATION","done":true,"response":{"@type":"type.googleapis.com/google.api.serviceusage.v1beta1.ServiceIdentity","email":"service-742577497994@gcp-sa-pubsub.iam.gserviceaccount.com","uniqueId":"105456702445969632859"}}
[debug] [2024-02-25T15:39:23.434Z] >>> [apiv2][query] GET https://firebase.googleapis.com/v1beta1/projects/sveltekit-test-27063 [none]
[debug] [2024-02-25T15:39:23.965Z] <<< [apiv2][status] GET https://firebase.googleapis.com/v1beta1/projects/sveltekit-test-27063 200
[debug] [2024-02-25T15:39:23.965Z] <<< [apiv2][body] GET https://firebase.googleapis.com/v1beta1/projects/sveltekit-test-27063 {"projectId":"sveltekit-test-27063","projectNumber":"742577497994","displayName":"sveltekit-test","name":"projects/sveltekit-test-27063","resources":{"hostingSite":"sveltekit-test-27063"},"state":"ACTIVE","etag":"1_ff0e2415-887c-4c8f-96ec-f8ea22d701ff"}
[debug] [2024-02-25T15:39:23.966Z] [functions] found 1 new HTTP functions, testing setIamPolicy permission...
[debug] [2024-02-25T15:39:23.966Z] >>> [apiv2][query] POST https://cloudresourcemanager.googleapis.com/v1/projects/sveltekit-test-27063:testIamPermissions [none]
[debug] [2024-02-25T15:39:23.966Z] >>> [apiv2][(partial)header] POST https://cloudresourcemanager.googleapis.com/v1/projects/sveltekit-test-27063:testIamPermissions x-goog-quota-user=projects/sveltekit-test-27063
[debug] [2024-02-25T15:39:23.966Z] >>> [apiv2][body] POST https://cloudresourcemanager.googleapis.com/v1/projects/sveltekit-test-27063:testIamPermissions {"permissions":["cloudfunctions.functions.setIamPolicy"]}
[debug] [2024-02-25T15:39:24.171Z] <<< [apiv2][status] POST https://cloudresourcemanager.googleapis.com/v1/projects/sveltekit-test-27063:testIamPermissions 200
[debug] [2024-02-25T15:39:24.171Z] <<< [apiv2][body] POST https://cloudresourcemanager.googleapis.com/v1/projects/sveltekit-test-27063:testIamPermissions {"permissions":["cloudfunctions.functions.setIamPolicy"]}
[debug] [2024-02-25T15:39:24.172Z] [functions] found setIamPolicy permission, proceeding with deploy
[debug] [2024-02-25T15:39:24.172Z] >>> [apiv2][query] POST https://cloudfunctions.googleapis.com/v2/projects/sveltekit-test-27063/locations/us-central1/functions:generateUploadUrl [none]
[debug] [2024-02-25T15:39:24.529Z] <<< [apiv2][status] POST https://cloudfunctions.googleapis.com/v2/projects/sveltekit-test-27063/locations/us-central1/functions:generateUploadUrl 200
[debug] [2024-02-25T15:39:24.529Z] <<< [apiv2][body] POST https://cloudfunctions.googleapis.com/v2/projects/sveltekit-test-27063/locations/us-central1/functions:generateUploadUrl {"uploadUrl":"https://storage.googleapis.com/gcf-v2-uploads-742577497994-us-central1/7d4f88d6-10ff-448a-b591-a2167a6e2a31.zip?GoogleAccessId=service-742577497994@gcf-admin-robot.iam.gserviceaccount.com&Expires=1708877365&Signature=GLkAhOCL2jWuaouYPsBKL%2FKpHaH8HUXJ9jWQUpg3rFed%2FBMTvvzszJ14NRyH3bfIzEhV66iUq1%2BJtns5Lrkd5mJ3jNMErDs1b5LrIpN98XuLb6SCXFv4CQT47tYOhQgliesdB788pHy0O5FppmMw7g2BnXcCYjD7dOaBTdXwojnA8kb%2BKPqQV%2F0lhEloXsxPYkaM3W0LLOV1OiSl7urxO%2FpPY7UkCvFQhJJg3ycaP%2FiXImff%2FltYAxvSbbFIzKU59mXVjDCaXBUhkXHZWCCxaK%2BO0IVqAjfbY8B1hiItHjYQ0xO0n3jev4qBYp92ror2YhYRfjCK0m84sro0nv1M%2FA%3D%3D","storageSource":{"bucket":"gcf-v2-uploads-742577497994-us-central1","object":"7d4f88d6-10ff-448a-b591-a2167a6e2a31.zip"}}
[debug] [2024-02-25T15:39:24.530Z] >>> [apiv2][query] PUT https://storage.googleapis.com/gcf-v2-uploads-742577497994-us-central1/7d4f88d6-10ff-448a-b591-a2167a6e2a31.zip GoogleAccessId=service-742577497994%40gcf-admin-robot.iam.gserviceaccount.com&Expires=1708877365&Signature=GLkAhOCL2jWuaouYPsBKL%2FKpHaH8HUXJ9jWQUpg3rFed%2FBMTvvzszJ14NRyH3bfIzEhV66iUq1%2BJtns5Lrkd5mJ3jNMErDs1b5LrIpN98XuLb6SCXFv4CQT47tYOhQgliesdB788pHy0O5FppmMw7g2BnXcCYjD7dOaBTdXwojnA8kb%2BKPqQV%2F0lhEloXsxPYkaM3W0LLOV1OiSl7urxO%2FpPY7UkCvFQhJJg3ycaP%2FiXImff%2FltYAxvSbbFIzKU59mXVjDCaXBUhkXHZWCCxaK%2BO0IVqAjfbY8B1hiItHjYQ0xO0n3jev4qBYp92ror2YhYRfjCK0m84sro0nv1M%2FA%3D%3D
[debug] [2024-02-25T15:39:24.530Z] >>> [apiv2][body] PUT https://storage.googleapis.com/gcf-v2-uploads-742577497994-us-central1/7d4f88d6-10ff-448a-b591-a2167a6e2a31.zip [stream]
[debug] [2024-02-25T15:39:25.785Z] <<< [apiv2][status] PUT https://storage.googleapis.com/gcf-v2-uploads-742577497994-us-central1/7d4f88d6-10ff-448a-b591-a2167a6e2a31.zip 200
[debug] [2024-02-25T15:39:25.785Z] <<< [apiv2][body] PUT https://storage.googleapis.com/gcf-v2-uploads-742577497994-us-central1/7d4f88d6-10ff-448a-b591-a2167a6e2a31.zip [omitted]
[info] +  functions: build folder uploaded successfully 
[info] i  functions: creating Node.js 16 (2nd Gen) function handler(us-central1)... 
[debug] [2024-02-25T15:39:25.793Z] >>> [apiv2][query] POST https://cloudfunctions.googleapis.com/v2/projects/sveltekit-test-27063/locations/us-central1/functions functionId=handler
[debug] [2024-02-25T15:39:25.793Z] >>> [apiv2][body] POST https://cloudfunctions.googleapis.com/v2/projects/sveltekit-test-27063/locations/us-central1/functions {"name":"projects/sveltekit-test-27063/locations/us-central1/functions/handler","buildConfig":{"runtime":"nodejs16","entryPoint":"handler","source":{"storageSource":{"bucket":"gcf-v2-uploads-742577497994-us-central1","object":"7d4f88d6-10ff-448a-b591-a2167a6e2a31.zip"}},"environmentVariables":{"GOOGLE_NODE_RUN_SCRIPTS":""}},"serviceConfig":{"environmentVariables":{"FIREBASE_CONFIG":"{\"projectId\":\"sveltekit-test-27063\",\"storageBucket\":\"sveltekit-test-27063.appspot.com\"}","GCLOUD_PROJECT":"sveltekit-test-27063","EVENTARC_CLOUD_EVENT_SOURCE":"projects/sveltekit-test-27063/locations/us-central1/services/handler","FUNCTION_TARGET":"handler"},"ingressSettings":null,"timeoutSeconds":null,"serviceAccountEmail":null,"availableMemory":"256Mi","minInstanceCount":null,"maxInstanceCount":null,"maxInstanceRequestConcurrency":500,"availableCpu":"1","vpcConnector":null,"vpcConnectorEgressSettings":null},"labels":{"deployment-tool":"cli-firebase","firebase-functions-hash":"91d437a0358f673670986e18b0da03d2ef64df42"}}
[debug] [2024-02-25T15:39:26.492Z] <<< [apiv2][status] POST https://cloudfunctions.googleapis.com/v2/projects/sveltekit-test-27063/locations/us-central1/functions 200
[debug] [2024-02-25T15:39:26.493Z] <<< [apiv2][body] POST https://cloudfunctions.googleapis.com/v2/projects/sveltekit-test-27063/locations/us-central1/functions {"name":"projects/sveltekit-test-27063/locations/us-central1/operations/operation-1708875567067-612369923f2c6-4b741c86-cc286c57","metadata":{"@type":"type.googleapis.com/google.cloud.functions.v2.OperationMetadata","createTime":"2024-02-25T15:39:27.476513262Z","target":"projects/sveltekit-test-27063/locations/us-central1/functions/handler","verb":"create","cancelRequested":false,"apiVersion":"v2"},"done":false}
[debug] [2024-02-25T15:39:26.494Z] >>> [apiv2][query] GET https://cloudfunctions.googleapis.com/v2/projects/sveltekit-test-27063/locations/us-central1/operations/operation-1708875567067-612369923f2c6-4b741c86-cc286c57 [none]
[debug] [2024-02-25T15:39:26.678Z] <<< [apiv2][status] GET https://cloudfunctions.googleapis.com/v2/projects/sveltekit-test-27063/locations/us-central1/operations/operation-1708875567067-612369923f2c6-4b741c86-cc286c57 200
[debug] [2024-02-25T15:39:26.678Z] <<< [apiv2][body] GET https://cloudfunctions.googleapis.com/v2/projects/sveltekit-test-27063/locations/us-central1/operations/operation-1708875567067-612369923f2c6-4b741c86-cc286c57 {"name":"projects/sveltekit-test-27063/locations/us-central1/operations/operation-1708875567067-612369923f2c6-4b741c86-cc286c57","metadata":{"@type":"type.googleapis.com/google.cloud.functions.v2.OperationMetadata","createTime":"2024-02-25T15:39:27.476513262Z","target":"projects/sveltekit-test-27063/locations/us-central1/functions/handler","verb":"create","cancelRequested":false,"apiVersion":"v2"},"done":false}
[debug] [2024-02-25T15:39:27.182Z] [create-default-us-central1-handler] Retrying task index 0
[debug] [2024-02-25T15:39:27.183Z] >>> [apiv2][query] GET https://cloudfunctions.googleapis.com/v2/projects/sveltekit-test-27063/locations/us-central1/operations/operation-1708875567067-612369923f2c6-4b741c86-cc286c57 [none]
[debug] [2024-02-25T15:39:27.437Z] <<< [apiv2][status] GET https://cloudfunctions.googleapis.com/v2/projects/sveltekit-test-27063/locations/us-central1/operations/operation-1708875567067-612369923f2c6-4b741c86-cc286c57 200
[debug] [2024-02-25T15:39:27.437Z] <<< [apiv2][body] GET https://cloudfunctions.googleapis.com/v2/projects/sveltekit-test-27063/locations/us-central1/operations/operation-1708875567067-612369923f2c6-4b741c86-cc286c57 {"name":"projects/sveltekit-test-27063/locations/us-central1/operations/operation-1708875567067-612369923f2c6-4b741c86-cc286c57","metadata":{"@type":"type.googleapis.com/google.cloud.functions.v2.OperationMetadata","createTime":"2024-02-25T15:39:27.476513262Z","target":"projects/sveltekit-test-27063/locations/us-central1/functions/handler","verb":"create","cancelRequested":false,"apiVersion":"v2","requestResource":{"@type":"type.googleapis.com/google.cloud.functions.v2.Function","name":"projects/sveltekit-test-27063/locations/us-central1/functions/handler","buildConfig":{"runtime":"nodejs16","entryPoint":"handler","source":{"storageSource":{"bucket":"gcf-v2-sources-742577497994-us-central1","object":"handler/function-source.zip","generation":"1708875567231522"}},"environmentVariables":{"GOOGLE_NODE_RUN_SCRIPTS":""}},"serviceConfig":{"service":"projects/sveltekit-test-27063/locations/us-central1/services/handler","timeoutSeconds":60,"environmentVariables":{"FIREBASE_CONFIG":"{\"projectId\":\"sveltekit-test-27063\",\"storageBucket\":\"sveltekit-test-27063.appspot.com\"}","GCLOUD_PROJECT":"sveltekit-test-27063","EVENTARC_CLOUD_EVENT_SOURCE":"projects/sveltekit-test-27063/locations/us-central1/services/handler","FUNCTION_TARGET":"handler"},"ingressSettings":"ALLOW_ALL","serviceAccountEmail":"742577497994-compute@developer.gserviceaccount.com","availableMemory":"256Mi","maxInstanceRequestConcurrency":500,"availableCpu":"1"},"labels":{"deployment-tool":"cli-firebase","firebase-functions-hash":"91d437a0358f673670986e18b0da03d2ef64df42"},"environment":"GEN_2"},"stages":[{"name":"BUILD","message":"Creating build","state":"IN_PROGRESS","resource":"projects/742577497994/locations/us-central1/builds/f249cff9-7e42-4e2a-ac52-5583dd7a016e","resourceUri":"https://console.cloud.google.com/cloud-build/builds;region=us-central1/f249cff9-7e42-4e2a-ac52-5583dd7a016e?project=742577497994"},{"name":"SERVICE","state":"NOT_STARTED"}],"operationType":"CREATE_FUNCTION"},"done":false}
[debug] [2024-02-25T15:39:28.443Z] [create-default-us-central1-handler] Retrying task index 0
[debug] [2024-02-25T15:39:28.445Z] >>> [apiv2][query] GET https://cloudfunctions.googleapis.com/v2/projects/sveltekit-test-27063/locations/us-central1/operations/operation-1708875567067-612369923f2c6-4b741c86-cc286c57 [none]
[debug] [2024-02-25T15:39:28.695Z] <<< [apiv2][status] GET https://cloudfunctions.googleapis.com/v2/projects/sveltekit-test-27063/locations/us-central1/operations/operation-1708875567067-612369923f2c6-4b741c86-cc286c57 200
[debug] [2024-02-25T15:39:28.695Z] <<< [apiv2][body] GET https://cloudfunctions.googleapis.com/v2/projects/sveltekit-test-27063/locations/us-central1/operations/operation-1708875567067-612369923f2c6-4b741c86-cc286c57 {"name":"projects/sveltekit-test-27063/locations/us-central1/operations/operation-1708875567067-612369923f2c6-4b741c86-cc286c57","metadata":{"@type":"type.googleapis.com/google.cloud.functions.v2.OperationMetadata","createTime":"2024-02-25T15:39:27.476513262Z","target":"projects/sveltekit-test-27063/locations/us-central1/functions/handler","verb":"create","cancelRequested":false,"apiVersion":"v2","requestResource":{"@type":"type.googleapis.com/google.cloud.functions.v2.Function","name":"projects/sveltekit-test-27063/locations/us-central1/functions/handler","buildConfig":{"runtime":"nodejs16","entryPoint":"handler","source":{"storageSource":{"bucket":"gcf-v2-sources-742577497994-us-central1","object":"handler/function-source.zip","generation":"1708875567231522"}},"environmentVariables":{"GOOGLE_NODE_RUN_SCRIPTS":""}},"serviceConfig":{"service":"projects/sveltekit-test-27063/locations/us-central1/services/handler","timeoutSeconds":60,"environmentVariables":{"FIREBASE_CONFIG":"{\"projectId\":\"sveltekit-test-27063\",\"storageBucket\":\"sveltekit-test-27063.appspot.com\"}","GCLOUD_PROJECT":"sveltekit-test-27063","EVENTARC_CLOUD_EVENT_SOURCE":"projects/sveltekit-test-27063/locations/us-central1/services/handler","FUNCTION_TARGET":"handler"},"ingressSettings":"ALLOW_ALL","serviceAccountEmail":"742577497994-compute@developer.gserviceaccount.com","availableMemory":"256Mi","maxInstanceRequestConcurrency":500,"availableCpu":"1"},"labels":{"deployment-tool":"cli-firebase","firebase-functions-hash":"91d437a0358f673670986e18b0da03d2ef64df42"},"environment":"GEN_2"},"stages":[{"name":"BUILD","message":"Build in progress","state":"IN_PROGRESS","resource":"projects/742577497994/locations/us-central1/builds/f249cff9-7e42-4e2a-ac52-5583dd7a016e","resourceUri":"https://console.cloud.google.com/cloud-build/builds;region=us-central1/f249cff9-7e42-4e2a-ac52-5583dd7a016e?project=742577497994"},{"name":"SERVICE","state":"NOT_STARTED"}],"operationType":"CREATE_FUNCTION"},"done":false}
[debug] [2024-02-25T15:39:30.696Z] [create-default-us-central1-handler] Retrying task index 0
[debug] [2024-02-25T15:39:30.697Z] >>> [apiv2][query] GET https://cloudfunctions.googleapis.com/v2/projects/sveltekit-test-27063/locations/us-central1/operations/operation-1708875567067-612369923f2c6-4b741c86-cc286c57 [none]
[debug] [2024-02-25T15:39:30.825Z] <<< [apiv2][status] GET https://cloudfunctions.googleapis.com/v2/projects/sveltekit-test-27063/locations/us-central1/operations/operation-1708875567067-612369923f2c6-4b741c86-cc286c57 200
[debug] [2024-02-25T15:39:30.825Z] <<< [apiv2][body] GET https://cloudfunctions.googleapis.com/v2/projects/sveltekit-test-27063/locations/us-central1/operations/operation-1708875567067-612369923f2c6-4b741c86-cc286c57 {"name":"projects/sveltekit-test-27063/locations/us-central1/operations/operation-1708875567067-612369923f2c6-4b741c86-cc286c57","metadata":{"@type":"type.googleapis.com/google.cloud.functions.v2.OperationMetadata","createTime":"2024-02-25T15:39:27.476513262Z","target":"projects/sveltekit-test-27063/locations/us-central1/functions/handler","verb":"create","cancelRequested":false,"apiVersion":"v2","requestResource":{"@type":"type.googleapis.com/google.cloud.functions.v2.Function","name":"projects/sveltekit-test-27063/locations/us-central1/functions/handler","buildConfig":{"runtime":"nodejs16","entryPoint":"handler","source":{"storageSource":{"bucket":"gcf-v2-sources-742577497994-us-central1","object":"handler/function-source.zip","generation":"1708875567231522"}},"environmentVariables":{"GOOGLE_NODE_RUN_SCRIPTS":""}},"serviceConfig":{"service":"projects/sveltekit-test-27063/locations/us-central1/services/handler","timeoutSeconds":60,"environmentVariables":{"FIREBASE_CONFIG":"{\"projectId\":\"sveltekit-test-27063\",\"storageBucket\":\"sveltekit-test-27063.appspot.com\"}","GCLOUD_PROJECT":"sveltekit-test-27063","EVENTARC_CLOUD_EVENT_SOURCE":"projects/sveltekit-test-27063/locations/us-central1/services/handler","FUNCTION_TARGET":"handler"},"ingressSettings":"ALLOW_ALL","serviceAccountEmail":"742577497994-compute@developer.gserviceaccount.com","availableMemory":"256Mi","maxInstanceRequestConcurrency":500,"availableCpu":"1"},"labels":{"deployment-tool":"cli-firebase","firebase-functions-hash":"91d437a0358f673670986e18b0da03d2ef64df42"},"environment":"GEN_2"},"stages":[{"name":"BUILD","message":"Build in progress","state":"IN_PROGRESS","resource":"projects/742577497994/locations/us-central1/builds/f249cff9-7e42-4e2a-ac52-5583dd7a016e","resourceUri":"https://console.cloud.google.com/cloud-build/builds;region=us-central1/f249cff9-7e42-4e2a-ac52-5583dd7a016e?project=742577497994"},{"name":"SERVICE","state":"NOT_STARTED"}],"operationType":"CREATE_FUNCTION"},"done":false}
[debug] [2024-02-25T15:39:34.838Z] [create-default-us-central1-handler] Retrying task index 0
[debug] [2024-02-25T15:39:34.838Z] >>> [apiv2][query] GET https://cloudfunctions.googleapis.com/v2/projects/sveltekit-test-27063/locations/us-central1/operations/operation-1708875567067-612369923f2c6-4b741c86-cc286c57 [none]
[debug] [2024-02-25T15:39:35.072Z] <<< [apiv2][status] GET https://cloudfunctions.googleapis.com/v2/projects/sveltekit-test-27063/locations/us-central1/operations/operation-1708875567067-612369923f2c6-4b741c86-cc286c57 200
[debug] [2024-02-25T15:39:35.072Z] <<< [apiv2][body] GET https://cloudfunctions.googleapis.com/v2/projects/sveltekit-test-27063/locations/us-central1/operations/operation-1708875567067-612369923f2c6-4b741c86-cc286c57 {"name":"projects/sveltekit-test-27063/locations/us-central1/operations/operation-1708875567067-612369923f2c6-4b741c86-cc286c57","metadata":{"@type":"type.googleapis.com/google.cloud.functions.v2.OperationMetadata","createTime":"2024-02-25T15:39:27.476513262Z","target":"projects/sveltekit-test-27063/locations/us-central1/functions/handler","verb":"create","cancelRequested":false,"apiVersion":"v2","requestResource":{"@type":"type.googleapis.com/google.cloud.functions.v2.Function","name":"projects/sveltekit-test-27063/locations/us-central1/functions/handler","buildConfig":{"runtime":"nodejs16","entryPoint":"handler","source":{"storageSource":{"bucket":"gcf-v2-sources-742577497994-us-central1","object":"handler/function-source.zip","generation":"1708875567231522"}},"environmentVariables":{"GOOGLE_NODE_RUN_SCRIPTS":""}},"serviceConfig":{"service":"projects/sveltekit-test-27063/locations/us-central1/services/handler","timeoutSeconds":60,"environmentVariables":{"FIREBASE_CONFIG":"{\"projectId\":\"sveltekit-test-27063\",\"storageBucket\":\"sveltekit-test-27063.appspot.com\"}","GCLOUD_PROJECT":"sveltekit-test-27063","EVENTARC_CLOUD_EVENT_SOURCE":"projects/sveltekit-test-27063/locations/us-central1/services/handler","FUNCTION_TARGET":"handler"},"ingressSettings":"ALLOW_ALL","serviceAccountEmail":"742577497994-compute@developer.gserviceaccount.com","availableMemory":"256Mi","maxInstanceRequestConcurrency":500,"availableCpu":"1"},"labels":{"deployment-tool":"cli-firebase","firebase-functions-hash":"91d437a0358f673670986e18b0da03d2ef64df42"},"environment":"GEN_2"},"stages":[{"name":"BUILD","message":"Build in progress","state":"IN_PROGRESS","resource":"projects/742577497994/locations/us-central1/builds/f249cff9-7e42-4e2a-ac52-5583dd7a016e","resourceUri":"https://console.cloud.google.com/cloud-build/builds;region=us-central1/f249cff9-7e42-4e2a-ac52-5583dd7a016e?project=742577497994"},{"name":"SERVICE","state":"NOT_STARTED"}],"operationType":"CREATE_FUNCTION"},"done":false}
[debug] [2024-02-25T15:39:43.073Z] [create-default-us-central1-handler] Retrying task index 0
[debug] [2024-02-25T15:39:43.073Z] >>> [apiv2][query] GET https://cloudfunctions.googleapis.com/v2/projects/sveltekit-test-27063/locations/us-central1/operations/operation-1708875567067-612369923f2c6-4b741c86-cc286c57 [none]
[debug] [2024-02-25T15:39:43.291Z] <<< [apiv2][status] GET https://cloudfunctions.googleapis.com/v2/projects/sveltekit-test-27063/locations/us-central1/operations/operation-1708875567067-612369923f2c6-4b741c86-cc286c57 200
[debug] [2024-02-25T15:39:43.291Z] <<< [apiv2][body] GET https://cloudfunctions.googleapis.com/v2/projects/sveltekit-test-27063/locations/us-central1/operations/operation-1708875567067-612369923f2c6-4b741c86-cc286c57 {"name":"projects/sveltekit-test-27063/locations/us-central1/operations/operation-1708875567067-612369923f2c6-4b741c86-cc286c57","metadata":{"@type":"type.googleapis.com/google.cloud.functions.v2.OperationMetadata","createTime":"2024-02-25T15:39:27.476513262Z","target":"projects/sveltekit-test-27063/locations/us-central1/functions/handler","verb":"create","cancelRequested":false,"apiVersion":"v2","requestResource":{"@type":"type.googleapis.com/google.cloud.functions.v2.Function","name":"projects/sveltekit-test-27063/locations/us-central1/functions/handler","buildConfig":{"runtime":"nodejs16","entryPoint":"handler","source":{"storageSource":{"bucket":"gcf-v2-sources-742577497994-us-central1","object":"handler/function-source.zip","generation":"1708875567231522"}},"environmentVariables":{"GOOGLE_NODE_RUN_SCRIPTS":""}},"serviceConfig":{"service":"projects/sveltekit-test-27063/locations/us-central1/services/handler","timeoutSeconds":60,"environmentVariables":{"FIREBASE_CONFIG":"{\"projectId\":\"sveltekit-test-27063\",\"storageBucket\":\"sveltekit-test-27063.appspot.com\"}","GCLOUD_PROJECT":"sveltekit-test-27063","EVENTARC_CLOUD_EVENT_SOURCE":"projects/sveltekit-test-27063/locations/us-central1/services/handler","FUNCTION_TARGET":"handler"},"ingressSettings":"ALLOW_ALL","serviceAccountEmail":"742577497994-compute@developer.gserviceaccount.com","availableMemory":"256Mi","maxInstanceRequestConcurrency":500,"availableCpu":"1"},"labels":{"deployment-tool":"cli-firebase","firebase-functions-hash":"91d437a0358f673670986e18b0da03d2ef64df42"},"environment":"GEN_2"},"stages":[{"name":"BUILD","message":"Build in progress","state":"IN_PROGRESS","resource":"projects/742577497994/locations/us-central1/builds/f249cff9-7e42-4e2a-ac52-5583dd7a016e","resourceUri":"https://console.cloud.google.com/cloud-build/builds;region=us-central1/f249cff9-7e42-4e2a-ac52-5583dd7a016e?project=742577497994"},{"name":"SERVICE","state":"NOT_STARTED"}],"operationType":"CREATE_FUNCTION"},"done":false}
[debug] [2024-02-25T15:39:53.297Z] [create-default-us-central1-handler] Retrying task index 0
[debug] [2024-02-25T15:39:53.298Z] >>> [apiv2][query] GET https://cloudfunctions.googleapis.com/v2/projects/sveltekit-test-27063/locations/us-central1/operations/operation-1708875567067-612369923f2c6-4b741c86-cc286c57 [none]
[debug] [2024-02-25T15:39:53.445Z] <<< [apiv2][status] GET https://cloudfunctions.googleapis.com/v2/projects/sveltekit-test-27063/locations/us-central1/operations/operation-1708875567067-612369923f2c6-4b741c86-cc286c57 200
[debug] [2024-02-25T15:39:53.446Z] <<< [apiv2][body] GET https://cloudfunctions.googleapis.com/v2/projects/sveltekit-test-27063/locations/us-central1/operations/operation-1708875567067-612369923f2c6-4b741c86-cc286c57 {"name":"projects/sveltekit-test-27063/locations/us-central1/operations/operation-1708875567067-612369923f2c6-4b741c86-cc286c57","metadata":{"@type":"type.googleapis.com/google.cloud.functions.v2.OperationMetadata","createTime":"2024-02-25T15:39:27.476513262Z","target":"projects/sveltekit-test-27063/locations/us-central1/functions/handler","verb":"create","cancelRequested":false,"apiVersion":"v2","requestResource":{"@type":"type.googleapis.com/google.cloud.functions.v2.Function","name":"projects/sveltekit-test-27063/locations/us-central1/functions/handler","buildConfig":{"runtime":"nodejs16","entryPoint":"handler","source":{"storageSource":{"bucket":"gcf-v2-sources-742577497994-us-central1","object":"handler/function-source.zip","generation":"1708875567231522"}},"environmentVariables":{"GOOGLE_NODE_RUN_SCRIPTS":""}},"serviceConfig":{"service":"projects/sveltekit-test-27063/locations/us-central1/services/handler","timeoutSeconds":60,"environmentVariables":{"FIREBASE_CONFIG":"{\"projectId\":\"sveltekit-test-27063\",\"storageBucket\":\"sveltekit-test-27063.appspot.com\"}","GCLOUD_PROJECT":"sveltekit-test-27063","EVENTARC_CLOUD_EVENT_SOURCE":"projects/sveltekit-test-27063/locations/us-central1/services/handler","FUNCTION_TARGET":"handler"},"ingressSettings":"ALLOW_ALL","serviceAccountEmail":"742577497994-compute@developer.gserviceaccount.com","availableMemory":"256Mi","maxInstanceRequestConcurrency":500,"availableCpu":"1"},"labels":{"deployment-tool":"cli-firebase","firebase-functions-hash":"91d437a0358f673670986e18b0da03d2ef64df42"},"environment":"GEN_2"},"stages":[{"name":"BUILD","message":"Build in progress","state":"IN_PROGRESS","resource":"projects/742577497994/locations/us-central1/builds/f249cff9-7e42-4e2a-ac52-5583dd7a016e","resourceUri":"https://console.cloud.google.com/cloud-build/builds;region=us-central1/f249cff9-7e42-4e2a-ac52-5583dd7a016e?project=742577497994"},{"name":"SERVICE","state":"NOT_STARTED"}],"operationType":"CREATE_FUNCTION"},"done":false}
[debug] [2024-02-25T15:40:03.450Z] [create-default-us-central1-handler] Retrying task index 0
[debug] [2024-02-25T15:40:03.450Z] >>> [apiv2][query] GET https://cloudfunctions.googleapis.com/v2/projects/sveltekit-test-27063/locations/us-central1/operations/operation-1708875567067-612369923f2c6-4b741c86-cc286c57 [none]
[debug] [2024-02-25T15:40:03.742Z] <<< [apiv2][status] GET https://cloudfunctions.googleapis.com/v2/projects/sveltekit-test-27063/locations/us-central1/operations/operation-1708875567067-612369923f2c6-4b741c86-cc286c57 200
[debug] [2024-02-25T15:40:03.743Z] <<< [apiv2][body] GET https://cloudfunctions.googleapis.com/v2/projects/sveltekit-test-27063/locations/us-central1/operations/operation-1708875567067-612369923f2c6-4b741c86-cc286c57 {"name":"projects/sveltekit-test-27063/locations/us-central1/operations/operation-1708875567067-612369923f2c6-4b741c86-cc286c57","metadata":{"@type":"type.googleapis.com/google.cloud.functions.v2.OperationMetadata","createTime":"2024-02-25T15:39:27.476513262Z","target":"projects/sveltekit-test-27063/locations/us-central1/functions/handler","verb":"create","cancelRequested":false,"apiVersion":"v2","requestResource":{"@type":"type.googleapis.com/google.cloud.functions.v2.Function","name":"projects/sveltekit-test-27063/locations/us-central1/functions/handler","buildConfig":{"runtime":"nodejs16","entryPoint":"handler","source":{"storageSource":{"bucket":"gcf-v2-sources-742577497994-us-central1","object":"handler/function-source.zip","generation":"1708875567231522"}},"environmentVariables":{"GOOGLE_NODE_RUN_SCRIPTS":""}},"serviceConfig":{"service":"projects/sveltekit-test-27063/locations/us-central1/services/handler","timeoutSeconds":60,"environmentVariables":{"FIREBASE_CONFIG":"{\"projectId\":\"sveltekit-test-27063\",\"storageBucket\":\"sveltekit-test-27063.appspot.com\"}","GCLOUD_PROJECT":"sveltekit-test-27063","EVENTARC_CLOUD_EVENT_SOURCE":"projects/sveltekit-test-27063/locations/us-central1/services/handler","FUNCTION_TARGET":"handler"},"ingressSettings":"ALLOW_ALL","serviceAccountEmail":"742577497994-compute@developer.gserviceaccount.com","availableMemory":"256Mi","maxInstanceRequestConcurrency":500,"availableCpu":"1"},"labels":{"deployment-tool":"cli-firebase","firebase-functions-hash":"91d437a0358f673670986e18b0da03d2ef64df42"},"environment":"GEN_2"},"stages":[{"name":"BUILD","message":"Build in progress","state":"IN_PROGRESS","resource":"projects/742577497994/locations/us-central1/builds/f249cff9-7e42-4e2a-ac52-5583dd7a016e","resourceUri":"https://console.cloud.google.com/cloud-build/builds;region=us-central1/f249cff9-7e42-4e2a-ac52-5583dd7a016e?project=742577497994"},{"name":"SERVICE","state":"NOT_STARTED"}],"operationType":"CREATE_FUNCTION"},"done":false}
[debug] [2024-02-25T15:40:13.756Z] [create-default-us-central1-handler] Retrying task index 0
[debug] [2024-02-25T15:40:13.757Z] >>> [apiv2][query] GET https://cloudfunctions.googleapis.com/v2/projects/sveltekit-test-27063/locations/us-central1/operations/operation-1708875567067-612369923f2c6-4b741c86-cc286c57 [none]
[debug] [2024-02-25T15:40:14.021Z] <<< [apiv2][status] GET https://cloudfunctions.googleapis.com/v2/projects/sveltekit-test-27063/locations/us-central1/operations/operation-1708875567067-612369923f2c6-4b741c86-cc286c57 200
[debug] [2024-02-25T15:40:14.021Z] <<< [apiv2][body] GET https://cloudfunctions.googleapis.com/v2/projects/sveltekit-test-27063/locations/us-central1/operations/operation-1708875567067-612369923f2c6-4b741c86-cc286c57 {"name":"projects/sveltekit-test-27063/locations/us-central1/operations/operation-1708875567067-612369923f2c6-4b741c86-cc286c57","metadata":{"@type":"type.googleapis.com/google.cloud.functions.v2.OperationMetadata","createTime":"2024-02-25T15:39:27.476513262Z","target":"projects/sveltekit-test-27063/locations/us-central1/functions/handler","verb":"create","cancelRequested":false,"apiVersion":"v2","requestResource":{"@type":"type.googleapis.com/google.cloud.functions.v2.Function","name":"projects/sveltekit-test-27063/locations/us-central1/functions/handler","buildConfig":{"runtime":"nodejs16","entryPoint":"handler","source":{"storageSource":{"bucket":"gcf-v2-sources-742577497994-us-central1","object":"handler/function-source.zip","generation":"1708875567231522"}},"environmentVariables":{"GOOGLE_NODE_RUN_SCRIPTS":""}},"serviceConfig":{"service":"projects/sveltekit-test-27063/locations/us-central1/services/handler","timeoutSeconds":60,"environmentVariables":{"FIREBASE_CONFIG":"{\"projectId\":\"sveltekit-test-27063\",\"storageBucket\":\"sveltekit-test-27063.appspot.com\"}","GCLOUD_PROJECT":"sveltekit-test-27063","EVENTARC_CLOUD_EVENT_SOURCE":"projects/sveltekit-test-27063/locations/us-central1/services/handler","FUNCTION_TARGET":"handler"},"ingressSettings":"ALLOW_ALL","serviceAccountEmail":"742577497994-compute@developer.gserviceaccount.com","availableMemory":"256Mi","maxInstanceRequestConcurrency":500,"availableCpu":"1"},"labels":{"deployment-tool":"cli-firebase","firebase-functions-hash":"91d437a0358f673670986e18b0da03d2ef64df42"},"environment":"GEN_2"},"stages":[{"name":"BUILD","message":"Build in progress","state":"IN_PROGRESS","resource":"projects/742577497994/locations/us-central1/builds/f249cff9-7e42-4e2a-ac52-5583dd7a016e","resourceUri":"https://console.cloud.google.com/cloud-build/builds;region=us-central1/f249cff9-7e42-4e2a-ac52-5583dd7a016e?project=742577497994"},{"name":"SERVICE","state":"NOT_STARTED"}],"operationType":"CREATE_FUNCTION"},"done":false}
[debug] [2024-02-25T15:40:24.030Z] [create-default-us-central1-handler] Retrying task index 0
[debug] [2024-02-25T15:40:24.031Z] >>> [apiv2][query] GET https://cloudfunctions.googleapis.com/v2/projects/sveltekit-test-27063/locations/us-central1/operations/operation-1708875567067-612369923f2c6-4b741c86-cc286c57 [none]
[debug] [2024-02-25T15:40:24.391Z] <<< [apiv2][status] GET https://cloudfunctions.googleapis.com/v2/projects/sveltekit-test-27063/locations/us-central1/operations/operation-1708875567067-612369923f2c6-4b741c86-cc286c57 200
[debug] [2024-02-25T15:40:24.391Z] <<< [apiv2][body] GET https://cloudfunctions.googleapis.com/v2/projects/sveltekit-test-27063/locations/us-central1/operations/operation-1708875567067-612369923f2c6-4b741c86-cc286c57 {"name":"projects/sveltekit-test-27063/locations/us-central1/operations/operation-1708875567067-612369923f2c6-4b741c86-cc286c57","metadata":{"@type":"type.googleapis.com/google.cloud.functions.v2.OperationMetadata","createTime":"2024-02-25T15:39:27.476513262Z","target":"projects/sveltekit-test-27063/locations/us-central1/functions/handler","verb":"create","cancelRequested":false,"apiVersion":"v2","requestResource":{"@type":"type.googleapis.com/google.cloud.functions.v2.Function","name":"projects/sveltekit-test-27063/locations/us-central1/functions/handler","buildConfig":{"runtime":"nodejs16","entryPoint":"handler","source":{"storageSource":{"bucket":"gcf-v2-sources-742577497994-us-central1","object":"handler/function-source.zip","generation":"1708875567231522"}},"environmentVariables":{"GOOGLE_NODE_RUN_SCRIPTS":""}},"serviceConfig":{"service":"projects/sveltekit-test-27063/locations/us-central1/services/handler","timeoutSeconds":60,"environmentVariables":{"FIREBASE_CONFIG":"{\"projectId\":\"sveltekit-test-27063\",\"storageBucket\":\"sveltekit-test-27063.appspot.com\"}","GCLOUD_PROJECT":"sveltekit-test-27063","EVENTARC_CLOUD_EVENT_SOURCE":"projects/sveltekit-test-27063/locations/us-central1/services/handler","FUNCTION_TARGET":"handler"},"ingressSettings":"ALLOW_ALL","serviceAccountEmail":"742577497994-compute@developer.gserviceaccount.com","availableMemory":"256Mi","maxInstanceRequestConcurrency":500,"availableCpu":"1"},"labels":{"deployment-tool":"cli-firebase","firebase-functions-hash":"91d437a0358f673670986e18b0da03d2ef64df42"},"environment":"GEN_2"},"stages":[{"name":"BUILD","message":"Build finished","state":"COMPLETE","resource":"projects/742577497994/locations/us-central1/builds/f249cff9-7e42-4e2a-ac52-5583dd7a016e","resourceUri":"https://console.cloud.google.com/cloud-build/builds;region=us-central1/f249cff9-7e42-4e2a-ac52-5583dd7a016e?project=742577497994","stateMessages":[{"severity":"WARNING","type":"BuildAnalysisWarning","message":"*** Improve build performance by generating and committing package-lock.json."}]},{"name":"SERVICE","message":"Creating Cloud Run service","state":"IN_PROGRESS","resource":"projects/sveltekit-test-27063/locations/us-central1/services/handler","resourceUri":"https://console.cloud.google.com/run/detail/us-central1/handler?project=sveltekit-test-27063"}],"sourceToken":"Cldwcm9qZWN0cy83NDI1Nzc0OTc5OTQvbG9jYXRpb25zL3VzLWNlbnRyYWwxL2J1aWxkcy9mMjQ5Y2ZmOS03ZTQyLTRlMmEtYWM1Mi01NTgzZGQ3YTAxNmUST3VzLWNlbnRyYWwxLWRvY2tlci5wa2cuZGV2L3N2ZWx0ZWtpdC10ZXN0LTI3MDYzL2djZi1hcnRpZmFjdHMvaGFuZGxlcjp2ZXJzaW9uXzEYis/FqM4VIkVwcm9qZWN0cy9zdmVsdGVraXQtdGVzdC0yNzA2My9sb2NhdGlvbnMvdXMtY2VudHJhbDEvZnVuY3Rpb25zL2hhbmRsZXIqDAjfvu2uBhDYxoaSAjIIbm9kZWpzMTY=","operationType":"CREATE_FUNCTION"},"done":false}
[debug] [2024-02-25T15:40:24.391Z] Got source token Cldwcm9qZWN0cy83NDI1Nzc0OTc5OTQvbG9jYXRpb25zL3VzLWNlbnRyYWwxL2J1aWxkcy9mMjQ5Y2ZmOS03ZTQyLTRlMmEtYWM1Mi01NTgzZGQ3YTAxNmUST3VzLWNlbnRyYWwxLWRvY2tlci5wa2cuZGV2L3N2ZWx0ZWtpdC10ZXN0LTI3MDYzL2djZi1hcnRpZmFjdHMvaGFuZGxlcjp2ZXJzaW9uXzEYis/FqM4VIkVwcm9qZWN0cy9zdmVsdGVraXQtdGVzdC0yNzA2My9sb2NhdGlvbnMvdXMtY2VudHJhbDEvZnVuY3Rpb25zL2hhbmRsZXIqDAjfvu2uBhDYxoaSAjIIbm9kZWpzMTY= for region us-central1
[debug] [2024-02-25T15:40:34.392Z] [create-default-us-central1-handler] Retrying task index 0
[debug] [2024-02-25T15:40:34.392Z] >>> [apiv2][query] GET https://cloudfunctions.googleapis.com/v2/projects/sveltekit-test-27063/locations/us-central1/operations/operation-1708875567067-612369923f2c6-4b741c86-cc286c57 [none]
[debug] [2024-02-25T15:40:34.510Z] <<< [apiv2][status] GET https://cloudfunctions.googleapis.com/v2/projects/sveltekit-test-27063/locations/us-central1/operations/operation-1708875567067-612369923f2c6-4b741c86-cc286c57 200
[debug] [2024-02-25T15:40:34.510Z] <<< [apiv2][body] GET https://cloudfunctions.googleapis.com/v2/projects/sveltekit-test-27063/locations/us-central1/operations/operation-1708875567067-612369923f2c6-4b741c86-cc286c57 {"name":"projects/sveltekit-test-27063/locations/us-central1/operations/operation-1708875567067-612369923f2c6-4b741c86-cc286c57","metadata":{"@type":"type.googleapis.com/google.cloud.functions.v2.OperationMetadata","createTime":"2024-02-25T15:39:27.476513262Z","endTime":"2024-02-25T15:40:29.320976842Z","target":"projects/sveltekit-test-27063/locations/us-central1/functions/handler","verb":"create","cancelRequested":false,"apiVersion":"v2","requestResource":{"@type":"type.googleapis.com/google.cloud.functions.v2.Function","name":"projects/sveltekit-test-27063/locations/us-central1/functions/handler","buildConfig":{"runtime":"nodejs16","entryPoint":"handler","source":{"storageSource":{"bucket":"gcf-v2-sources-742577497994-us-central1","object":"handler/function-source.zip","generation":"1708875567231522"}},"environmentVariables":{"GOOGLE_NODE_RUN_SCRIPTS":""}},"serviceConfig":{"service":"projects/sveltekit-test-27063/locations/us-central1/services/handler","timeoutSeconds":60,"environmentVariables":{"FIREBASE_CONFIG":"{\"projectId\":\"sveltekit-test-27063\",\"storageBucket\":\"sveltekit-test-27063.appspot.com\"}","GCLOUD_PROJECT":"sveltekit-test-27063","EVENTARC_CLOUD_EVENT_SOURCE":"projects/sveltekit-test-27063/locations/us-central1/services/handler","FUNCTION_TARGET":"handler"},"ingressSettings":"ALLOW_ALL","serviceAccountEmail":"742577497994-compute@developer.gserviceaccount.com","availableMemory":"256Mi","maxInstanceRequestConcurrency":500,"availableCpu":"1"},"labels":{"deployment-tool":"cli-firebase","firebase-functions-hash":"91d437a0358f673670986e18b0da03d2ef64df42"},"environment":"GEN_2"},"stages":[{"name":"ARTIFACT_REGISTRY","message":"Deleting function artifacts in Artifact Registry","state":"COMPLETE"},{"name":"SERVICE","message":"Deleting Cloud Run service","state":"COMPLETE","resource":"projects/sveltekit-test-27063/locations/us-central1/services/handler"}],"operationType":"CREATE_FUNCTION"},"done":true,"error":{"code":3,"message":"Could not create or update Cloud Run service handler, Container Healthcheck failed. Revision 'handler-00001-wib' is not ready and cannot serve traffic. The user-provided container failed to start and listen on the port defined provided by the PORT=8080 environment variable. Logs for this revision might contain more information.\n\nLogs URL: https://console.cloud.google.com/logs/viewer?project=sveltekit-test-27063&resource=cloud_run_revision/service_name/handler/revision_name/handler-00001-wib&advancedFilter=resource.type%3D%22cloud_run_revision%22%0Aresource.labels.service_name%3D%22handler%22%0Aresource.labels.revision_name%3D%22handler-00001-wib%22 \nFor more troubleshooting guidance, see https://cloud.google.com/run/docs/troubleshooting#container-failed-to-start"}}
[debug] [2024-02-25T15:40:34.511Z] Got source token undefined for region us-central1
[error] Could not create or update Cloud Run service handler, Container Healthcheck failed. Revision 'handler-00001-wib' is not ready and cannot serve traffic. The user-provided container failed to start and listen on the port defined provided by the PORT=8080 environment variable. Logs for this revision might contain more information.

Logs URL: https://console.cloud.google.com/logs/viewer?project=sveltekit-test-27063&resource=cloud_run_revision/service_name/handler/revision_name/handler-00001-wib&advancedFilter=resource.type%3D%22cloud_run_revision%22%0Aresource.labels.service_name%3D%22handler%22%0Aresource.labels.revision_name%3D%22handler-00001-wib%22 
For more troubleshooting guidance, see https://cloud.google.com/run/docs/troubleshooting#container-failed-to-start
[debug] [2024-02-25T15:40:34.515Z] Total Function Deployment time: 68722
[debug] [2024-02-25T15:40:34.515Z] 1 Functions Deployed
[debug] [2024-02-25T15:40:34.515Z] 1 Functions Errored
[debug] [2024-02-25T15:40:34.515Z] 0 Function Deployments Aborted
[debug] [2024-02-25T15:40:34.515Z] Average Function Deployment time: 68721
[info] 
[info] Functions deploy had errors with the following functions:
	handler(us-central1)
[debug] [2024-02-25T15:40:34.640Z] Not printing URL for HTTPS function. Typically this means it didn't match a filter or we failed deployment
[info] i  functions: cleaning up build files... 
[debug] [2024-02-25T15:40:34.642Z] >>> [apiv2][query] DELETE https://artifactregistry.googleapis.com/v1beta2/projects/sveltekit-test-27063/locations/us-central1/repositories/gcf-artifacts/packages/handler [none]
[debug] [2024-02-25T15:40:34.643Z] >>> [apiv2][query] GET https://us.gcr.io/v2/sveltekit-test-27063/gcf/us-central1/tags/list [none]
[debug] [2024-02-25T15:40:34.842Z] <<< [apiv2][status] GET https://us.gcr.io/v2/sveltekit-test-27063/gcf/us-central1/tags/list 404
[debug] [2024-02-25T15:40:34.842Z] <<< [apiv2][body] GET https://us.gcr.io/v2/sveltekit-test-27063/gcf/us-central1/tags/list {"errors":[{"code":"NAME_UNKNOWN","message":"Repository \"us.gcr.io\" not found"}]}
[debug] [2024-02-25T15:40:34.844Z] Failed docker command with error  HTTP Error: 404, Not Found {"name":"FirebaseError","children":[],"context":{"body":{"errors":[{"code":"NAME_UNKNOWN","message":"Repository \"us.gcr.io\" not found"}],"error":{"message":"Not Found"}},"response":{"statusCode":404}},"exit":1,"message":"HTTP Error: 404, Not Found","status":404}
[debug] [2024-02-25T15:40:34.845Z] >>> [apiv2][query] GET https://us.gcr.io/v2/sveltekit-test-27063/gcf/us-central1/tags/list [none]
[debug] [2024-02-25T15:40:34.941Z] <<< [apiv2][status] DELETE https://artifactregistry.googleapis.com/v1beta2/projects/sveltekit-test-27063/locations/us-central1/repositories/gcf-artifacts/packages/handler 404
[debug] [2024-02-25T15:40:34.942Z] <<< [apiv2][body] DELETE https://artifactregistry.googleapis.com/v1beta2/projects/sveltekit-test-27063/locations/us-central1/repositories/gcf-artifacts/packages/handler {"error":{"code":404,"message":"Package \"projects/sveltekit-test-27063/locations/us-central1/repositories/gcf-artifacts/packages/handler\" was not found.","status":"NOT_FOUND"}}
[debug] [2024-02-25T15:40:35.037Z] <<< [apiv2][status] GET https://us.gcr.io/v2/sveltekit-test-27063/gcf/us-central1/tags/list 404
[debug] [2024-02-25T15:40:35.037Z] <<< [apiv2][body] GET https://us.gcr.io/v2/sveltekit-test-27063/gcf/us-central1/tags/list {"errors":[{"code":"NAME_UNKNOWN","message":"Repository \"us.gcr.io\" not found"}]}
[debug] [2024-02-25T15:40:35.037Z] Failed docker command with error  HTTP Error: 404, Not Found {"name":"FirebaseError","children":[],"context":{"body":{"errors":[{"code":"NAME_UNKNOWN","message":"Repository \"us.gcr.io\" not found"}],"error":{"message":"Not Found"}},"response":{"statusCode":404}},"exit":1,"message":"HTTP Error: 404, Not Found","status":404}
[debug] [2024-02-25T15:40:35.139Z] >>> [apiv2][query] GET https://us.gcr.io/v2/sveltekit-test-27063/gcf/us-central1/tags/list [none]
[debug] [2024-02-25T15:40:35.335Z] <<< [apiv2][status] GET https://us.gcr.io/v2/sveltekit-test-27063/gcf/us-central1/tags/list 404
[debug] [2024-02-25T15:40:35.335Z] <<< [apiv2][body] GET https://us.gcr.io/v2/sveltekit-test-27063/gcf/us-central1/tags/list {"errors":[{"code":"NAME_UNKNOWN","message":"Repository \"us.gcr.io\" not found"}]}
[debug] [2024-02-25T15:40:35.336Z] Failed docker command with error  HTTP Error: 404, Not Found {"name":"FirebaseError","children":[],"context":{"body":{"errors":[{"code":"NAME_UNKNOWN","message":"Repository \"us.gcr.io\" not found"}],"error":{"message":"Not Found"}},"response":{"statusCode":404}},"exit":1,"message":"HTTP Error: 404, Not Found","status":404}
[warn] !  functions: Unhandled error cleaning up build images. This could result in a small monthly bill if not corrected. You can attempt to delete these images by redeploying or you can delete them manually at https://console.cloud.google.com/gcr/images/sveltekit-test-27063/us/gcf 
[debug] [2024-02-25T15:40:35.337Z] Functions deploy failed.
[debug] [2024-02-25T15:40:35.337Z] {
  "endpoint": {
    "id": "handler",
    "project": "sveltekit-test-27063",
    "region": "us-central1",
    "entryPoint": "handler",
    "platform": "gcfv2",
    "runtime": "nodejs16",
    "httpsTrigger": {},
    "labels": {
      "deployment-tool": "cli-firebase"
    },
    "ingressSettings": null,
    "availableMemoryMb": null,
    "serviceAccount": null,
    "timeoutSeconds": null,
    "maxInstances": null,
    "minInstances": null,
    "concurrency": 500,
    "vpc": null,
    "environmentVariables": {
      "FIREBASE_CONFIG": "{\"projectId\":\"sveltekit-test-27063\",\"storageBucket\":\"sveltekit-test-27063.appspot.com\"}",
      "GCLOUD_PROJECT": "sveltekit-test-27063",
      "EVENTARC_CLOUD_EVENT_SOURCE": "projects/sveltekit-test-27063/locations/us-central1/services/handler"
    },
    "codebase": "default",
    "cpu": 1,
    "targetedByOnly": false,
    "hash": "91d437a0358f673670986e18b0da03d2ef64df42"
  },
  "op": "create",
  "original": {
    "name": "FirebaseError",
    "children": [],
    "exit": 1,
    "message": "Could not create or update Cloud Run service handler, Container Healthcheck failed. Revision 'handler-00001-wib' is not ready and cannot serve traffic. The user-provided container failed to start and listen on the port defined provided by the PORT=8080 environment variable. Logs for this revision might contain more information.\n\nLogs URL: https://console.cloud.google.com/logs/viewer?project=sveltekit-test-27063&resource=cloud_run_revision/service_name/handler/revision_name/handler-00001-wib&advancedFilter=resource.type%3D%22cloud_run_revision%22%0Aresource.labels.service_name%3D%22handler%22%0Aresource.labels.revision_name%3D%22handler-00001-wib%22 \nFor more troubleshooting guidance, see https://cloud.google.com/run/docs/troubleshooting#container-failed-to-start",
    "status": 3,
    "code": 3
  }
}
[debug] [2024-02-25T15:40:35.406Z] Error: Failed to create function handler in region us-central1
    at C:\Users\drjam\AppData\Roaming\nvm\v18.19.0\node_modules\firebase-tools\lib\deploy\functions\release\fabricator.js:291:27
    at process.processTicksAndRejections (node:internal/process/task_queues:95:5)
    at async Fabricator.createV2Function (C:\Users\drjam\AppData\Roaming\nvm\v18.19.0\node_modules\firebase-tools\lib\deploy\functions\release\fabricator.js:277:30)
    at async Fabricator.createEndpoint (C:\Users\drjam\AppData\Roaming\nvm\v18.19.0\node_modules\firebase-tools\lib\deploy\functions\release\fabricator.js:136:13)
    at async handle (C:\Users\drjam\AppData\Roaming\nvm\v18.19.0\node_modules\firebase-tools\lib\deploy\functions\release\fabricator.js:88:17)
[error] 
[error] Error: There was an error deploying functions
